c:\users\allen\desktop\dev\c++\gameboy\obj\debug\gameboy.pch
c:\users\allen\desktop\dev\c++\gameboy\obj\debug\vc141.pdb
c:\users\allen\desktop\dev\c++\gameboy\obj\debug\vc141.idb
c:\users\allen\desktop\dev\c++\gameboy\obj\debug\timer.obj
c:\users\allen\desktop\dev\c++\gameboy\obj\debug\sdlsandbox.obj
c:\users\allen\desktop\dev\c++\gameboy\obj\debug\render.obj
c:\users\allen\desktop\dev\c++\gameboy\obj\debug\ppu_stress_test.obj
c:\users\allen\desktop\dev\c++\gameboy\obj\debug\ppu.obj
c:\users\allen\desktop\dev\c++\gameboy\obj\debug\interrupt.obj
c:\users\allen\desktop\dev\c++\gameboy\obj\debug\decode.obj
c:\users\allen\desktop\dev\c++\gameboy\obj\debug\cpu_stress_test.obj
c:\users\allen\desktop\dev\c++\gameboy\obj\debug\cpu.obj
c:\users\allen\desktop\dev\c++\gameboy\obj\debug\register.obj
c:\users\allen\desktop\dev\c++\gameboy\obj\debug\mmu.obj
c:\users\allen\desktop\dev\c++\gameboy\obj\debug\memory.obj
c:\users\allen\desktop\dev\c++\gameboy\obj\debug\mbc.obj
c:\users\allen\desktop\dev\c++\gameboy\obj\debug\cartridge.obj
c:\users\allen\desktop\dev\c++\gameboy\obj\debug\cart.obj
c:\users\allen\desktop\dev\c++\gameboy\obj\debug\main.obj
c:\users\allen\desktop\dev\c++\gameboy\obj\debug\gameboy.obj
c:\users\allen\desktop\dev\c++\gameboy\obj\debug\display.obj
c:\users\allen\desktop\dev\c++\gameboy\obj\debug\stdafx.obj
c:\users\allen\desktop\dev\c++\gameboy\obj\debug\bit.obj
c:\users\allen\desktop\dev\c++\gameboy\obj\debug\cli.obj
c:\users\allen\desktop\dev\c++\gameboy\bin\debug\gameboy.ilk
c:\users\allen\desktop\dev\c++\gameboy\bin\debug\gameboy.exe
c:\users\allen\desktop\dev\c++\gameboy\bin\debug\gameboy.pdb
c:\users\allen\desktop\dev\c++\gameboy\\bin\debug\gameboy.pdb
c:\users\allen\desktop\dev\c++\gameboy\\bin\debug\gameboy.exe
c:\users\allen\desktop\dev\c++\gameboy\\bin\debug\gameboy.ilk
c:\users\allen\desktop\dev\c++\gameboy\obj\debug\gameboy.tlog\cl.command.1.tlog
c:\users\allen\desktop\dev\c++\gameboy\obj\debug\gameboy.tlog\cl.read.1.tlog
c:\users\allen\desktop\dev\c++\gameboy\obj\debug\gameboy.tlog\cl.write.1.tlog
c:\users\allen\desktop\dev\c++\gameboy\obj\debug\gameboy.tlog\link.command.1.tlog
c:\users\allen\desktop\dev\c++\gameboy\obj\debug\gameboy.tlog\link.read.1.tlog
c:\users\allen\desktop\dev\c++\gameboy\obj\debug\gameboy.tlog\link.write.1.tlog
