  cli.cpp
c:\users\allen\desktop\dev\c++\gameboy\src\cli.cpp(79): fatal error C1010: unexpected end of file while looking for precompiled header. Did you forget to add '#include "stdafx.h"' to your source?
  bit.cpp
c:\users\allen\desktop\dev\c++\gameboy\src\common\bit.cpp(43): fatal error C1010: unexpected end of file while looking for precompiled header. Did you forget to add '#include "stdafx.h"' to your source?
  stdafx.cpp
c:\users\allen\desktop\dev\c++\gameboy\src\common\stdafx.cpp(9): fatal error C1010: unexpected end of file while looking for precompiled header. Did you forget to add '#include "stdafx.h"' to your source?
  config.cpp
c:\users\allen\desktop\dev\c++\gameboy\src\config.cpp(68): fatal error C1010: unexpected end of file while looking for precompiled header. Did you forget to add '#include "stdafx.h"' to your source?
  display.cpp
c:\users\allen\desktop\dev\c++\gameboy\src\display\display.cpp(88): fatal error C1010: unexpected end of file while looking for precompiled header. Did you forget to add '#include "stdafx.h"' to your source?
  gameboy.cpp
c:\users\allen\desktop\dev\c++\gameboy\src\gameboy.cpp(56): fatal error C1010: unexpected end of file while looking for precompiled header. Did you forget to add '#include "stdafx.h"' to your source?
  main.cpp
c:\users\allen\desktop\dev\c++\gameboy\src\main.cpp(20): fatal error C1010: unexpected end of file while looking for precompiled header. Did you forget to add '#include "stdafx.h"' to your source?
  cart.cpp
c:\users\allen\desktop\dev\c++\gameboy\src\memory\cart.cpp(3): fatal error C1010: unexpected end of file while looking for precompiled header. Did you forget to add '#include "stdafx.h"' to your source?
  cartridge.cpp
c:\users\allen\desktop\dev\c++\gameboy\src\memory\cartridge.cpp(13): fatal error C1010: unexpected end of file while looking for precompiled header. Did you forget to add '#include "stdafx.h"' to your source?
  mbc.cpp
c:\users\allen\desktop\dev\c++\gameboy\src\memory\mbc.cpp(3): fatal error C1010: unexpected end of file while looking for precompiled header. Did you forget to add '#include "stdafx.h"' to your source?
  memory.cpp
c:\users\allen\desktop\dev\c++\gameboy\src\memory\memory.cpp(35): fatal error C1010: unexpected end of file while looking for precompiled header. Did you forget to add '#include "stdafx.h"' to your source?
  mmu.cpp
c:\users\allen\desktop\dev\c++\gameboy\src\memory\mmu.cpp(172): fatal error C1010: unexpected end of file while looking for precompiled header. Did you forget to add '#include "stdafx.h"' to your source?
  register.cpp
c:\users\allen\desktop\dev\c++\gameboy\src\memory\register.cpp(23): fatal error C1010: unexpected end of file while looking for precompiled header. Did you forget to add '#include "stdafx.h"' to your source?
  cpu.cpp
c:\users\allen\desktop\dev\c++\gameboy\src\processors\central\cpu.cpp(1247): fatal error C1010: unexpected end of file while looking for precompiled header. Did you forget to add '#include "stdafx.h"' to your source?
  cpu_stress_test.cpp
c:\users\allen\desktop\dev\c++\gameboy\src\processors\central\cpu_stress_test.cpp(674): fatal error C1010: unexpected end of file while looking for precompiled header. Did you forget to add '#include "stdafx.h"' to your source?
  decode.cpp
c:\users\allen\desktop\dev\c++\gameboy\src\processors\central\decode.cpp(1091): fatal error C1010: unexpected end of file while looking for precompiled header. Did you forget to add '#include "stdafx.h"' to your source?
  interrupt.cpp
c:\users\allen\desktop\dev\c++\gameboy\src\processors\central\interrupt.cpp(89): fatal error C1010: unexpected end of file while looking for precompiled header. Did you forget to add '#include "stdafx.h"' to your source?
  ppu.cpp
c:\users\allen\desktop\dev\c++\gameboy\src\processors\pixel\ppu.cpp(456): fatal error C1010: unexpected end of file while looking for precompiled header. Did you forget to add '#include "stdafx.h"' to your source?
  ppu_stress_test.cpp
c:\users\allen\desktop\dev\c++\gameboy\src\processors\pixel\ppu_stress_test.cpp(52): fatal error C1010: unexpected end of file while looking for precompiled header. Did you forget to add '#include "stdafx.h"' to your source?
  render.cpp
c:\users\allen\desktop\dev\c++\gameboy\src\render.cpp(57): fatal error C1010: unexpected end of file while looking for precompiled header. Did you forget to add '#include "stdafx.h"' to your source?
  Compiling...
  SDLSandbox.cpp
c:\users\allen\desktop\dev\c++\gameboy\src\sdlsandbox.cpp(39): fatal error C1010: unexpected end of file while looking for precompiled header. Did you forget to add '#include "stdafx.h"' to your source?
  timer.cpp
c:\users\allen\desktop\dev\c++\gameboy\src\time\timer.cpp(69): fatal error C1010: unexpected end of file while looking for precompiled header. Did you forget to add '#include "stdafx.h"' to your source?
